<?xml version="1.0" encoding="UTF-8"?>
<testsuite name="MyDocumentsTest" tests="2" skipped="0" failures="0" errors="0" timestamp="2016-08-21T08:42:30" hostname="Admins-MacBook-Pro-8.local" time="0.002">
  <properties/>
  <testcase name="testAll" classname="MyDocumentsTest" time="0.002"/>
  <testcase name="testFindByType" classname="MyDocumentsTest" time="0.0"/>
  <system-out><![CDATA[]]></system-out>
  <system-err><![CDATA[]]></system-err>
</testsuite>
